\BOOKMARK [0][-]{chapter.1}{Overview}{}% 1
\BOOKMARK [0][-]{chapter.2}{Development Process}{}% 2
\BOOKMARK [0][-]{chapter.3}{Concrete Syntax Specification Language \(CS\)}{}% 3
\BOOKMARK [1][-]{section.3.1}{Configuration Block}{chapter.3}% 4
\BOOKMARK [2][-]{subsection.3.1.1}{Required General Information}{section.3.1}% 5
\BOOKMARK [2][-]{subsection.3.1.2}{Importing other Models and Syntaxes}{section.3.1}% 6
\BOOKMARK [2][-]{subsection.3.1.3}{Code Generation Options}{section.3.1}% 7
\BOOKMARK [1][-]{section.3.2}{Tokens}{chapter.3}% 8
\BOOKMARK [2][-]{subsection.3.2.1}{Simple, custom tokens}{section.3.2}% 9
\BOOKMARK [2][-]{subsection.3.2.2}{Composed tokens}{section.3.2}% 10
\BOOKMARK [2][-]{subsection.3.2.3}{Tokens priorities}{section.3.2}% 11
\BOOKMARK [1][-]{section.3.3}{Token Styles}{chapter.3}% 12
\BOOKMARK [1][-]{section.3.4}{Syntax Rules}{chapter.3}% 13
\BOOKMARK [2][-]{subsection.3.4.1}{Simple Syntax}{section.3.4}% 14
\BOOKMARK [2][-]{subsection.3.4.2}{Syntax for attributes}{section.3.4}% 15
\BOOKMARK [2][-]{subsection.3.4.3}{Syntax for references}{section.3.4}% 16
\BOOKMARK [2][-]{subsection.3.4.4}{Syntax for printing instructions}{section.3.4}% 17
\BOOKMARK [2][-]{subsection.3.4.5}{Syntax for expressions}{section.3.4}% 18
\BOOKMARK [1][-]{section.3.5}{Suppressing warnings}{chapter.3}% 19
\BOOKMARK [0][-]{chapter*.8}{Bibliography}{}% 20
